<?xml version="1.0" encoding="UTF-8"?>
<testsuite name="fr.univ_reims.informatique.islam.shareit.modele.ProfilTest" tests="5" skipped="0" failures="0" errors="0" timestamp="2022-12-14T09:45:55" hostname="URCA-FDCTFL3" time="0.004">
  <properties/>
  <testcase name="getNom" classname="fr.univ_reims.informatique.islam.shareit.modele.ProfilTest" time="0.002"/>
  <testcase name="getNomUtilisateur" classname="fr.univ_reims.informatique.islam.shareit.modele.ProfilTest" time="0.001"/>
  <testcase name="getMotDePasse" classname="fr.univ_reims.informatique.islam.shareit.modele.ProfilTest" time="0.0"/>
  <testcase name="getPrenom" classname="fr.univ_reims.informatique.islam.shareit.modele.ProfilTest" time="0.0"/>
  <testcase name="getEmail" classname="fr.univ_reims.informatique.islam.shareit.modele.ProfilTest" time="0.0"/>
  <system-out><![CDATA[]]></system-out>
  <system-err><![CDATA[]]></system-err>
</testsuite>
